13:35:49| Starting to retrieve data from swapi.dev
13:35:56| ----------------------------------------
13:35:56| Title   : Revenge of the Sith
13:35:56| Director: George Lucas
13:35:56| Producer: Rick McCallum
13:35:56| Released: 2005-05-19
13:35:56| Characters: 34
13:35:56| Adi Gallia, Anakin Skywalker, Ayla Secura, Bail Prestor Organa, Beru Whitesun lars, C-3PO, Chewbacca, Darth Vader, Dooku, Eeth Koth, Grievous, Ki-Adi-Mundi, Kit Fisto, Leia Organa, Luke Skywalker, Luminara Unduli, Mace Windu, Nute Gunray, Obi-Wan Kenobi, Owen Lars, Padmé Amidala, Palpatine, Plo Koon, Poggle the Lesser, R2-D2, R4-P17, Raymus Antilles, Saesee Tiin, Shaak Ti, Sly Moore, Tarfful, Tion Medon, Wilhuff Tarkin, Yoda
13:35:56| 
13:35:56| Planets: 13
13:35:56| Alderaan, Cato Neimoidia, Coruscant, Dagobah, Felucia, Kashyyyk, Mustafar, Mygeeto, Naboo, Polis Massa, Saleucami, Tatooine, Utapau
13:35:56| 
13:35:56| Starships: 12
13:35:56| Banking clan frigte, Belbullab-22 starfighter, CR90 corvette, Droid control ship, Jedi Interceptor, Jedi starfighter, Naboo star skiff, Republic attack cruiser, Theta-class T-2c shuttle, Trade Federation cruiser, V-wing, arc-170
13:35:56| 
13:35:56| Vehicles: 13
13:35:56| AT-RT, AT-TE, Clone turbo tank, Corporate Alliance tank droid, Droid gunship, Droid tri-fighter, Emergency Firespeeder, LAAT/i, Neimoidian shuttle, Oevvaor jet catamaran, Raddaugh Gnasp fluttercraft, Tsmeu-6 personal wheel bike, Vulture Droid
13:35:56| 
13:35:56| Species: 20
13:35:56| Cerean, Chagrian, Clawdite, Droid, Geonosian, Human, Iktotchi, Kaleesh, Kel Dor, Mirialan, Muun, Pau'an, Quermian, Skakoan, Tholothian, Togruta, Toong, Twi'lek, Wookie, Yoda's species
13:35:56| 
13:35:56| Total Time To complete = 7.38140460
13:35:56| There were 94 calls to swapi server
