12:24:42| finished reading file
12:24:44| R2-D2
12:24:44| Sly Moore
12:24:44| Leia Organa
12:24:44| Grievous
12:24:44| R5-D4
12:24:44| Raymus Antilles
12:24:44| Beru Whitesun lars
12:24:44| Adi Gallia
12:24:44| Wilhuff Tarkin
12:24:44| Yoda
12:24:44| Wedge Antilles
12:24:44| Luminara Unduli
12:24:44| Saesee Tiin
12:24:44| Tarfful
12:24:44| Ki-Adi-Mundi
12:24:44| Ayla Secura
12:24:44| Plo Koon
12:24:44| Obi-Wan Kenobi
12:24:44| Kit Fisto
12:24:44| Wat Tambor
12:24:44| Palpatine
12:24:44| Poggle the Lesser
12:24:44| Tion Medon
12:24:44| Shaak Ti
12:24:44| R4-P17
12:24:44| Luke Skywalker
12:24:44| Darth Vader
12:24:45| Mace Windu
12:24:45| Padmé Amidala
12:24:45| Dooku
12:24:45| Nute Gunray
12:24:45| C-3PO
12:24:45| Bail Prestor Organa
12:24:45| Wicket Systri Warrick
12:24:45| Eeth Koth
12:24:45| Owen Lars
12:24:45| Anakin Skywalker
12:24:45| Chewbacca
12:24:45| Time to process all URLS = 2.64990870
